Arguments: 
  D:\Program Files\nodejs\node.exe C:\Users\saheenshoukath\AppData\Roaming\npm\node_modules\yarn\bin\yarn.js add react-native-webview

PATH: 
  C:\Python27\;C:\Python27\Scripts;C:\Python39\Scripts\;C:\Python39\;C:\Program Files (x86)\Common Files\Oracle\Java\javapath;C:\WINDOWS\system32;C:\WINDOWS;C:\WINDOWS\System32\Wbem;C:\WINDOWS\System32\WindowsPowerShell\v1.0\;C:\WINDOWS\System32\OpenSSH\;C:\Program Files\NVIDIA Corporation\NVIDIA NvDLISR;C:\Program Files (x86)\NVIDIA Corporation\PhysX\Common;C:\ProgramData\chocolatey\bin;D:\Program Files\Git\cmd;D:\Program Files\nodejs\;D:\Program Files\Python3\Scripts\;D:\Program Files\Python3\;C:\Users\saheenshoukath\.windows-build-tools\python27\;C:\Users\saheenshoukath\.windows-build-tools\python27\;C:\Users\saheenshoukath\AppData\Local\Microsoft\WindowsApps;C:\Users\saheenshoukath\AppData\Local\Programs\Microsoft VS Code\bin;D:\softwares\flutter\bin;C:\Users\saheenshoukath\AppData\Local\Android\Sdk\platform-tools;C:\Users\saheenshoukath\AppData\Local\Android\Sdk\emulator;C:\Users\saheenshoukath\AppData\Local\Android\Sdk\tools\bin;C:\Users\saheenshoukath\AppData\Roaming\npm

Yarn version: 
  1.22.10

Node version: 
  12.13.0

Platform: 
  win32 x64

Trace: 
  Error: EPERM: operation not permitted, unlink 'D:\code\AllLister-Vendor\node_modules\@babel\plugin-external-helpers\lib'

npm manifest: 
  {
    "main": "node_modules/expo/AppEntry.js",
    "scripts": {
      "start": "expo start",
      "android": "expo start --android",
      "ios": "expo start --ios",
      "web": "expo start --web",
      "eject": "expo eject"
    },
    "dependencies": {
      "expo": "~40.0.0",
      "expo-status-bar": "~1.0.3",
      "react": "16.13.1",
      "react-dom": "16.13.1",
      "react-native": "https://github.com/expo/react-native/archive/sdk-40.0.1.tar.gz",
      "react-native-web": "~0.13.12",
      "undefined": "react-native-community/react-native-webview"
    },
    "devDependencies": {
      "@babel/core": "~7.9.0"
    },
    "private": true
  }

yarn manifest: 
  No manifest

Lockfile: 
  No lockfile
